Using pre-set license
Built from '2022.3/release' branch; Version is '2022.3.20f1 (61c2feb0970d) revision 6406910'; Using compiler version '192829333'; Build Type 'Release'
OS: 'Windows 11  (10.0.22621) 64bit Professional' Language: 'tr' Physical Memory: 32724 MB
BatchMode: 1, IsHumanControllingUs: 0, StartBugReporterOnCrash: 0, Is64bit: 1, IsPro: 1

COMMAND LINE ARGUMENTS:
D:\Program Files\Unity\Hub\Editor\2022.3.20f1\Editor\Unity.exe
-adb2
-batchMode
-noUpm
-name
AssetImportWorker2
-projectPath
C:/Users/baris karaahmetoglu/Desktop/unitydenemegit/gitdeneme/gitunity
-logFile
Logs/AssetImportWorker2.log
-srvPort
62863
Successfully changed project path to: C:/Users/baris karaahmetoglu/Desktop/unitydenemegit/gitdeneme/gitunity
C:/Users/baris karaahmetoglu/Desktop/unitydenemegit/gitdeneme/gitunity
[UnityMemory] Configuration Parameters - Can be set up in boot.config
    "memorysetup-bucket-allocator-granularity=16"
    "memorysetup-bucket-allocator-bucket-count=8"
    "memorysetup-bucket-allocator-block-size=33554432"
    "memorysetup-bucket-allocator-block-count=8"
    "memorysetup-main-allocator-block-size=16777216"
    "memorysetup-thread-allocator-block-size=16777216"
    "memorysetup-gfx-main-allocator-block-size=16777216"
    "memorysetup-gfx-thread-allocator-block-size=16777216"
    "memorysetup-cache-allocator-block-size=4194304"
    "memorysetup-typetree-allocator-block-size=2097152"
    "memorysetup-profiler-bucket-allocator-granularity=16"
    "memorysetup-profiler-bucket-allocator-bucket-count=8"
    "memorysetup-profiler-bucket-allocator-block-size=33554432"
    "memorysetup-profiler-bucket-allocator-block-count=8"
    "memorysetup-profiler-allocator-block-size=16777216"
    "memorysetup-profiler-editor-allocator-block-size=1048576"
    "memorysetup-temp-allocator-size-main=16777216"
    "memorysetup-job-temp-allocator-block-size=2097152"
    "memorysetup-job-temp-allocator-block-size-background=1048576"
    "memorysetup-job-temp-allocator-reduction-small-platforms=262144"
    "memorysetup-allocator-temp-initial-block-size-main=262144"
    "memorysetup-allocator-temp-initial-block-size-worker=262144"
    "memorysetup-temp-allocator-size-background-worker=32768"
    "memorysetup-temp-allocator-size-job-worker=262144"
    "memorysetup-temp-allocator-size-preload-manager=33554432"
    "memorysetup-temp-allocator-size-nav-mesh-worker=65536"
    "memorysetup-temp-allocator-size-audio-worker=65536"
    "memorysetup-temp-allocator-size-cloud-worker=32768"
    "memorysetup-temp-allocator-size-gi-baking-worker=262144"
    "memorysetup-temp-allocator-size-gfx=262144"
Player connection [21056] Host "[IP] 192.168.0.11 [Port] 0 [Flags] 2 [Guid] 2552673573 [EditorId] 2552673573 [Version] 1048832 [Id] WindowsEditor(7,DESKTOP-GDC8C2H) [Debug] 1 [PackageName] WindowsEditor [ProjectName] Editor" joined multi-casting on [225.0.0.222:54997]...

Player connection [21056] Host "[IP] 192.168.0.11 [Port] 0 [Flags] 2 [Guid] 2552673573 [EditorId] 2552673573 [Version] 1048832 [Id] WindowsEditor(7,DESKTOP-GDC8C2H) [Debug] 1 [PackageName] WindowsEditor [ProjectName] Editor" joined alternative multi-casting on [225.0.0.222:34997]...

[Physics::Module] Initialized MultithreadedJobDispatcher with 7 workers.
Refreshing native plugins compatible for Editor in 25.87 ms, found 3 plugins.
Preloading 0 native plugins for Editor in 0.00 ms.
Initialize engine version: 2022.3.20f1 (61c2feb0970d)
[Subsystems] Discovering subsystems at path D:/Program Files/Unity/Hub/Editor/2022.3.20f1/Editor/Data/Resources/UnitySubsystems
[Subsystems] Discovering subsystems at path C:/Users/baris karaahmetoglu/Desktop/unitydenemegit/gitdeneme/gitunity/Assets
GfxDevice: creating device client; threaded=0; jobified=0
Direct3D:
    Version:  Direct3D 11.0 [level 11.1]
    Renderer: NVIDIA GeForce GTX 1060 (ID=0x1c60)
    Vendor:   NVIDIA
    VRAM:     6043 MB
    Driver:   31.0.15.3598
Initialize mono
Mono path[0] = 'D:/Program Files/Unity/Hub/Editor/2022.3.20f1/Editor/Data/Managed'
Mono path[1] = 'D:/Program Files/Unity/Hub/Editor/2022.3.20f1/Editor/Data/MonoBleedingEdge/lib/mono/unityjit-win32'
Mono config path = 'D:/Program Files/Unity/Hub/Editor/2022.3.20f1/Editor/Data/MonoBleedingEdge/etc'
Using monoOptions --debugger-agent=transport=dt_socket,embedding=1,server=y,suspend=n,address=127.0.0.1:56780
Begin MonoManager ReloadAssembly
Registering precompiled unity dll's ...
Register platform support module: D:/Program Files/Unity/Hub/Editor/2022.3.20f1/Editor/Data/PlaybackEngines/WindowsStandaloneSupport/UnityEditor.WindowsStandalone.Extensions.dll
Register platform support module: D:/Program Files/Unity/Hub/Editor/2022.3.20f1/Editor/Data/PlaybackEngines/MetroSupport/UnityEditor.UWP.Extensions.dll
Registered in 0.011891 seconds.
- Loaded All Assemblies, in  0.572 seconds
Native extension for UWP target not found
Native extension for WindowsStandalone target not found
Mono: successfully reloaded assembly
- Finished resetting the current domain, in  0.401 seconds
Domain Reload Profiling: 973ms
	BeginReloadAssembly (206ms)
		ExecutionOrderSort (0ms)
		DisableScriptedObjects (0ms)
		BackupInstance (0ms)
		ReleaseScriptingObjects (0ms)
		CreateAndSetChildDomain (1ms)
	RebuildCommonClasses (50ms)
	RebuildNativeTypeToScriptingClass (15ms)
	initialDomainReloadingComplete (77ms)
	LoadAllAssembliesAndSetupDomain (223ms)
		LoadAssemblies (207ms)
		RebuildTransferFunctionScriptingTraits (0ms)
		AnalyzeDomain (219ms)
			TypeCache.Refresh (216ms)
				TypeCache.ScanAssembly (191ms)
			ScanForSourceGeneratedMonoScriptInfo (1ms)
			ResolveRequiredComponents (1ms)
	FinalizeReload (401ms)
		ReleaseScriptCaches (0ms)
		RebuildScriptCaches (0ms)
		SetupLoadedEditorAssemblies (313ms)
			LogAssemblyErrors (0ms)
			InitializePlatformSupportModulesInManaged (12ms)
			SetLoadedEditorAssemblies (9ms)
			RefreshPlugins (0ms)
			BeforeProcessingInitializeOnLoad (3ms)
			ProcessInitializeOnLoadAttributes (206ms)
			ProcessInitializeOnLoadMethodAttributes (83ms)
			AfterProcessingInitializeOnLoad (0ms)
			EditorAssembliesLoaded (0ms)
		ExecutionOrderSort2 (0ms)
		AwakeInstancesAfterBackupRestoration (0ms)
========================================================================
Worker process is ready to serve import requests
Begin MonoManager ReloadAssembly
- Loaded All Assemblies, in  1.192 seconds
Refreshing native plugins compatible for Editor in 15.76 ms, found 3 plugins.
Native extension for UWP target not found
Native extension for WindowsStandalone target not found
Package Manager log level set to [2]
[Package Manager] Server::EnsureServerProcessIsRunning -- launch failed, reason: Unity was launched with the -noUpm command-line argument
[Package Manager] UpmClient::Send -- Unable to send message (not connected to UPM process).
[Package Manager] Cannot connect to Unity Package Manager local server
Mono: successfully reloaded assembly
- Finished resetting the current domain, in  0.891 seconds
Domain Reload Profiling: 2074ms
	BeginReloadAssembly (297ms)
		ExecutionOrderSort (0ms)
		DisableScriptedObjects (9ms)
		BackupInstance (0ms)
		ReleaseScriptingObjects (0ms)
		CreateAndSetChildDomain (33ms)
	RebuildCommonClasses (57ms)
	RebuildNativeTypeToScriptingClass (20ms)
	initialDomainReloadingComplete (72ms)
	LoadAllAssembliesAndSetupDomain (737ms)
		LoadAssemblies (638ms)
		RebuildTransferFunctionScriptingTraits (0ms)
		AnalyzeDomain (299ms)
			TypeCache.Refresh (269ms)
				TypeCache.ScanAssembly (251ms)
			ScanForSourceGeneratedMonoScriptInfo (23ms)
			ResolveRequiredComponents (5ms)
	FinalizeReload (891ms)
		ReleaseScriptCaches (0ms)
		RebuildScriptCaches (0ms)
		SetupLoadedEditorAssemblies (650ms)
			LogAssemblyErrors (0ms)
			InitializePlatformSupportModulesInManaged (6ms)
			SetLoadedEditorAssemblies (7ms)
			RefreshPlugins (0ms)
			BeforeProcessingInitializeOnLoad (118ms)
			ProcessInitializeOnLoadAttributes (479ms)
			ProcessInitializeOnLoadMethodAttributes (34ms)
			AfterProcessingInitializeOnLoad (5ms)
			EditorAssembliesLoaded (0ms)
		ExecutionOrderSort2 (0ms)
		AwakeInstancesAfterBackupRestoration (12ms)
Launched and connected shader compiler UnityShaderCompiler.exe after 0.06 seconds
Refreshing native plugins compatible for Editor in 15.01 ms, found 3 plugins.
Preloading 0 native plugins for Editor in 0.00 ms.
Unloading 3115 Unused Serialized files (Serialized files now loaded: 0)
Unloading 32 unused Assets / (57.0 KB). Loaded Objects now: 3578.
Memory consumption went from 127.0 MB to 127.0 MB.
Total: 3.234700 ms (FindLiveObjects: 0.336600 ms CreateObjectMapping: 0.223800 ms MarkObjects: 2.577100 ms  DeleteObjects: 0.096100 ms)

AssetImportParameters requested are different than current active one (requested -> active):
  custom:container-demuxer-ogg: 62fdf1f143b41e24485cea50d1cbac27 -> 
  custom:video-codec-MediaFoundation-h265: 746d11721c4dcdbdad8f713fa42b33f4 -> 
  custom:video-decoder-ogg-theora: a1e56fd34408186e4bbccfd4996cb3dc -> 
  custom:framework-win-MediaFoundation: 216162199b28c13a410421893ffa2e32 -> 
  custom:CustomObjectIndexerAttribute: 6d391050e5a25f67b0a2c618074f2cd9 -> 
  custom:container-demuxer-webm: 4f35f7cbe854078d1ac9338744f61a02 -> 
  custom:container-muxer-webm: aa71ff27fc2769a1b78a27578f13a17b -> 
  custom:video-decoder-webm-vp8: 9c59270c3fd7afecdb556c50c9e8de78 -> 
  custom:SearchIndexIgnoredProperties: e643bd26f0fe6173181afceb89e7c659 -> 
  custom:AudioImporter_EditorPlatform: d09bf68614088b80899f8185d706f6e7 -> 
  custom:video-encoder-webm-vp8: eb34c28f22e8b96e1ab97ce403110664 -> 
  custom:audio-decoder-ogg-vorbis: bf7c407c2cedff20999df2af8eb42d56 -> 
  custom:audio-encoder-webm-vorbis: bf7c407c2cedff20999df2af8eb42d56 -> 
  custom:scripting/monoscript/fileName/ObjectBounce.cs: e041aab31919ecb5976e1f07477dc860 -> 89ec6b0c3a7acb9da54001ea590c84e2
========================================================================
Received Import Request.
  Time since last request: 285705.707164 seconds.
  path: Assets/Prefabs/Fuel.prefab
  artifactKey: Guid(0f4c678528874564da4c4c999f65a2a9) Importer(815301076,1909f56bfc062723c751e8b465ee728b)
Start importing Assets/Prefabs/Fuel.prefab using Guid(0f4c678528874564da4c4c999f65a2a9) Importer(815301076,1909f56bfc062723c751e8b465ee728b)  -> (artifact id: '609b25d89a35bd4a7f0aebf1720d0d39') in 0.158246 seconds
Number of updated asset objects reloaded before import = 0
Number of asset objects unloaded after import = 21
========================================================================
Received Import Request.
  Time since last request: 28.563403 seconds.
  path: Assets/Assette/TeKniKo_Free/Power_Ups/Materials
  artifactKey: Guid(23b4956db014af349a048044ad923e4c) Importer(815301076,1909f56bfc062723c751e8b465ee728b)
Start importing Assets/Assette/TeKniKo_Free/Power_Ups/Materials using Guid(23b4956db014af349a048044ad923e4c) Importer(815301076,1909f56bfc062723c751e8b465ee728b)  -> (artifact id: 'd3a61a2384d63a78030fe352de1be31e') in 0.000830 seconds
Number of updated asset objects reloaded before import = 0
Number of asset objects unloaded after import = 0
========================================================================
Received Import Request.
  Time since last request: 0.067818 seconds.
  path: Assets/Assette/TeKniKo_Free/Power_Ups/Materials/MAT_PowerUps.mat
  artifactKey: Guid(e0f662564462ce74dafe9b3aa4c7a111) Importer(815301076,1909f56bfc062723c751e8b465ee728b)
Start importing Assets/Assette/TeKniKo_Free/Power_Ups/Materials/MAT_PowerUps.mat using Guid(e0f662564462ce74dafe9b3aa4c7a111) Importer(815301076,1909f56bfc062723c751e8b465ee728b)  -> (artifact id: '904275027a05c0fb66837a01f589ebdc') in 0.046657 seconds
Number of updated asset objects reloaded before import = 0
Number of asset objects unloaded after import = 2
========================================================================
Received Import Request.
  Time since last request: 4.234230 seconds.
  path: Assets/Assette/TeKniKo_Free/Power_Ups/Scripts
  artifactKey: Guid(721559a9de56d8e4a974f5a0080e5da3) Importer(815301076,1909f56bfc062723c751e8b465ee728b)
Start importing Assets/Assette/TeKniKo_Free/Power_Ups/Scripts using Guid(721559a9de56d8e4a974f5a0080e5da3) Importer(815301076,1909f56bfc062723c751e8b465ee728b)  -> (artifact id: 'd0f334a0841aca5e78d3d17c2ecc8927') in 0.001112 seconds
Number of updated asset objects reloaded before import = 0
Number of asset objects unloaded after import = 0
========================================================================
Received Import Request.
  Time since last request: 1.028973 seconds.
  path: Assets/Assette/TeKniKo_Free/Power_Ups/Scripts/ObjectBounce.cs
  artifactKey: Guid(04c2aa4f86ca6384e9a9c6d234cdef24) Importer(815301076,1909f56bfc062723c751e8b465ee728b)
Start importing Assets/Assette/TeKniKo_Free/Power_Ups/Scripts/ObjectBounce.cs using Guid(04c2aa4f86ca6384e9a9c6d234cdef24) Importer(815301076,1909f56bfc062723c751e8b465ee728b)  -> (artifact id: 'b6fab094b8ff9fdd52b6a9dfcdb970a8') in 0.000933 seconds
Number of updated asset objects reloaded before import = 0
Number of asset objects unloaded after import = 0
========================================================================
Received Import Request.
  Time since last request: 13.200326 seconds.
  path: Assets/Assette/TeKniKo_Free/Power_Ups/Shader
  artifactKey: Guid(3ef5f95672ef1c04c9f98849f08443e7) Importer(815301076,1909f56bfc062723c751e8b465ee728b)
Start importing Assets/Assette/TeKniKo_Free/Power_Ups/Shader using Guid(3ef5f95672ef1c04c9f98849f08443e7) Importer(815301076,1909f56bfc062723c751e8b465ee728b)  -> (artifact id: '87a9d6ed9c008d17605f243729cf0804') in 0.000723 seconds
Number of updated asset objects reloaded before import = 0
Number of asset objects unloaded after import = 0
========================================================================
Received Import Request.
  Time since last request: 3.910436 seconds.
  path: Assets/Assette/TeKniKo_Free/Power_Ups/Prefabs
  artifactKey: Guid(73ef058c628da524f98494dc325c7f3b) Importer(815301076,1909f56bfc062723c751e8b465ee728b)
Start importing Assets/Assette/TeKniKo_Free/Power_Ups/Prefabs using Guid(73ef058c628da524f98494dc325c7f3b) Importer(815301076,1909f56bfc062723c751e8b465ee728b)  -> (artifact id: 'e36fe40fd33bb572841a4b2ba7d34c81') in 0.000745 seconds
Number of updated asset objects reloaded before import = 0
Number of asset objects unloaded after import = 0
========================================================================
Received Import Request.
  Time since last request: 0.075116 seconds.
  path: Assets/Assette/TeKniKo_Free/Power_Ups/Prefabs/Bullet_Up.prefab
  artifactKey: Guid(482a23eb854875b4ea0a9d1394443a6b) Importer(815301076,1909f56bfc062723c751e8b465ee728b)
Start importing Assets/Assette/TeKniKo_Free/Power_Ups/Prefabs/Bullet_Up.prefab using Guid(482a23eb854875b4ea0a9d1394443a6b) Importer(815301076,1909f56bfc062723c751e8b465ee728b)  -> (artifact id: '6ee64c1788ee7fb3a10ed6ce86faea68') in 0.037223 seconds
Number of updated asset objects reloaded before import = 0
Number of asset objects unloaded after import = 22
========================================================================
Received Import Request.
  Time since last request: 0.006019 seconds.
  path: Assets/Assette/TeKniKo_Free/Power_Ups/Prefabs/Exclamation_Up.prefab
  artifactKey: Guid(b2e057f9c821a914c95ef79e3a673e56) Importer(815301076,1909f56bfc062723c751e8b465ee728b)
Start importing Assets/Assette/TeKniKo_Free/Power_Ups/Prefabs/Exclamation_Up.prefab using Guid(b2e057f9c821a914c95ef79e3a673e56) Importer(815301076,1909f56bfc062723c751e8b465ee728b)  -> (artifact id: 'ba5bbc2aa39bcfc76c64631e4ef1f677') in 0.046898 seconds
Number of updated asset objects reloaded before import = 0
Number of asset objects unloaded after import = 22
========================================================================
Received Import Request.
  Time since last request: 0.000025 seconds.
  path: Assets/Assette/TeKniKo_Free/Power_Ups/Prefabs/Question_Up.prefab
  artifactKey: Guid(665cc4af457cf3340bdc625c6b87a9a3) Importer(815301076,1909f56bfc062723c751e8b465ee728b)
Start importing Assets/Assette/TeKniKo_Free/Power_Ups/Prefabs/Question_Up.prefab using Guid(665cc4af457cf3340bdc625c6b87a9a3) Importer(815301076,1909f56bfc062723c751e8b465ee728b)  -> (artifact id: 'b99a7f5a82967590149c496998ce4a60') in 0.046094 seconds
Number of updated asset objects reloaded before import = 0
Number of asset objects unloaded after import = 22
========================================================================
Received Import Request.
  Time since last request: 0.000086 seconds.
  path: Assets/Assette/TeKniKo_Free/Power_Ups/Prefabs/Star_Up.prefab
  artifactKey: Guid(2c19505c3f3b0ce489bbc1852e94c484) Importer(815301076,1909f56bfc062723c751e8b465ee728b)
Start importing Assets/Assette/TeKniKo_Free/Power_Ups/Prefabs/Star_Up.prefab using Guid(2c19505c3f3b0ce489bbc1852e94c484) Importer(815301076,1909f56bfc062723c751e8b465ee728b)  -> (artifact id: '88c07101478ac0502b2783cf745d4c55') in 0.026216 seconds
Number of updated asset objects reloaded before import = 0
Number of asset objects unloaded after import = 22
========================================================================
Received Import Request.
  Time since last request: 0.000025 seconds.
  path: Assets/Assette/TeKniKo_Free/Power_Ups/Prefabs/Power_Down.prefab
  artifactKey: Guid(653c3732efbc40d42a18d07465d2a592) Importer(815301076,1909f56bfc062723c751e8b465ee728b)
Start importing Assets/Assette/TeKniKo_Free/Power_Ups/Prefabs/Power_Down.prefab using Guid(653c3732efbc40d42a18d07465d2a592) Importer(815301076,1909f56bfc062723c751e8b465ee728b)  -> (artifact id: '72fb0db95340c5ece077e4b027ea2f37') in 0.023957 seconds
Number of updated asset objects reloaded before import = 0
Number of asset objects unloaded after import = 22
========================================================================
Received Import Request.
  Time since last request: 0.000025 seconds.
  path: Assets/Assette/TeKniKo_Free/Power_Ups/Prefabs/Power_Up.prefab
  artifactKey: Guid(77c2108e75a6da04b8a9c2d5f73fc910) Importer(815301076,1909f56bfc062723c751e8b465ee728b)
Start importing Assets/Assette/TeKniKo_Free/Power_Ups/Prefabs/Power_Up.prefab using Guid(77c2108e75a6da04b8a9c2d5f73fc910) Importer(815301076,1909f56bfc062723c751e8b465ee728b)  -> (artifact id: '2c10e78bad521329f29585c343f4b23f') in 0.030114 seconds
Number of updated asset objects reloaded before import = 0
Number of asset objects unloaded after import = 22
========================================================================
Received Prepare
Begin MonoManager ReloadAssembly
- Loaded All Assemblies, in  0.907 seconds
Refreshing native plugins compatible for Editor in 17.45 ms, found 3 plugins.
Native extension for UWP target not found
Native extension for WindowsStandalone target not found
[Package Manager] Server::EnsureServerProcessIsRunning -- launch failed, reason: Unity was launched with the -noUpm command-line argument
[Package Manager] UpmClient::Send -- Unable to send message (not connected to UPM process).
[Package Manager] Cannot connect to Unity Package Manager local server
Mono: successfully reloaded assembly
- Finished resetting the current domain, in  2.531 seconds
Domain Reload Profiling: 3432ms
	BeginReloadAssembly (315ms)
		ExecutionOrderSort (0ms)
		DisableScriptedObjects (8ms)
		BackupInstance (0ms)
		ReleaseScriptingObjects (0ms)
		CreateAndSetChildDomain (48ms)
	RebuildCommonClasses (58ms)
	RebuildNativeTypeToScriptingClass (22ms)
	initialDomainReloadingComplete (48ms)
	LoadAllAssembliesAndSetupDomain (456ms)
		LoadAssemblies (653ms)
		RebuildTransferFunctionScriptingTraits (0ms)
		AnalyzeDomain (21ms)
			TypeCache.Refresh (10ms)
				TypeCache.ScanAssembly (0ms)
			ScanForSourceGeneratedMonoScriptInfo (0ms)
			ResolveRequiredComponents (9ms)
	FinalizeReload (2532ms)
		ReleaseScriptCaches (0ms)
		RebuildScriptCaches (0ms)
		SetupLoadedEditorAssemblies (825ms)
			LogAssemblyErrors (0ms)
			InitializePlatformSupportModulesInManaged (14ms)
			SetLoadedEditorAssemblies (7ms)
			RefreshPlugins (0ms)
			BeforeProcessingInitializeOnLoad (135ms)
			ProcessInitializeOnLoadAttributes (619ms)
			ProcessInitializeOnLoadMethodAttributes (43ms)
			AfterProcessingInitializeOnLoad (7ms)
			EditorAssembliesLoaded (0ms)
		ExecutionOrderSort2 (0ms)
		AwakeInstancesAfterBackupRestoration (14ms)
Refreshing native plugins compatible for Editor in 20.78 ms, found 3 plugins.
Preloading 0 native plugins for Editor in 0.00 ms.
Unloading 3094 Unused Serialized files (Serialized files now loaded: 0)
Unloading 23 unused Assets / (31.1 KB). Loaded Objects now: 3624.
Memory consumption went from 129.3 MB to 129.3 MB.
Total: 6.703000 ms (FindLiveObjects: 0.424900 ms CreateObjectMapping: 0.336800 ms MarkObjects: 5.838500 ms  DeleteObjects: 0.101400 ms)

Prepare: number of updated asset objects reloaded= 0
AssetImportParameters requested are different than current active one (requested -> active):
  custom:container-demuxer-ogg: 62fdf1f143b41e24485cea50d1cbac27 -> 
  custom:video-codec-MediaFoundation-h265: 746d11721c4dcdbdad8f713fa42b33f4 -> 
  custom:video-decoder-ogg-theora: a1e56fd34408186e4bbccfd4996cb3dc -> 
  custom:framework-win-MediaFoundation: 216162199b28c13a410421893ffa2e32 -> 
  custom:CustomObjectIndexerAttribute: 6d391050e5a25f67b0a2c618074f2cd9 -> 
  custom:container-demuxer-webm: 4f35f7cbe854078d1ac9338744f61a02 -> 
  custom:container-muxer-webm: aa71ff27fc2769a1b78a27578f13a17b -> 
  custom:video-decoder-webm-vp8: 9c59270c3fd7afecdb556c50c9e8de78 -> 
  custom:SearchIndexIgnoredProperties: e643bd26f0fe6173181afceb89e7c659 -> 
  custom:AudioImporter_EditorPlatform: d09bf68614088b80899f8185d706f6e7 -> 
  custom:video-encoder-webm-vp8: eb34c28f22e8b96e1ab97ce403110664 -> 
  custom:audio-decoder-ogg-vorbis: bf7c407c2cedff20999df2af8eb42d56 -> 
  custom:audio-encoder-webm-vorbis: bf7c407c2cedff20999df2af8eb42d56 -> 
  custom:scripting/monoscript/fileName/ObjectBounce.cs: e041aab31919ecb5976e1f07477dc860 -> 89ec6b0c3a7acb9da54001ea590c84e2
Editor requested this worker to shutdown with reason: Scaling down because of idle timeout
TcpMessagingSession - receive error: operation aborted. errorcode: 995, details: Bir iþ parçacýðý çýkýþý veya bir uygulama isteði nedeniyle G/Ç iþlemi iptal edildi.
AssetImportWorker is now disconnected from the server
Process exiting
Exiting without the bug reporter. Application will terminate with return code 0