Using pre-set license
Built from '2022.3/release' branch; Version is '2022.3.20f1 (61c2feb0970d) revision 6406910'; Using compiler version '192829333'; Build Type 'Release'
OS: 'Windows 11  (10.0.22621) 64bit Professional' Language: 'tr' Physical Memory: 32724 MB
BatchMode: 1, IsHumanControllingUs: 0, StartBugReporterOnCrash: 0, Is64bit: 1, IsPro: 1

COMMAND LINE ARGUMENTS:
D:\Program Files\Unity\Hub\Editor\2022.3.20f1\Editor\Unity.exe
-adb2
-batchMode
-noUpm
-name
AssetImportWorker0
-projectPath
C:/Users/baris karaahmetoglu/Desktop/unitydenemegit/gitdeneme/gitunity
-logFile
Logs/AssetImportWorker0.log
-srvPort
52692
Successfully changed project path to: C:/Users/baris karaahmetoglu/Desktop/unitydenemegit/gitdeneme/gitunity
C:/Users/baris karaahmetoglu/Desktop/unitydenemegit/gitdeneme/gitunity
[UnityMemory] Configuration Parameters - Can be set up in boot.config
    "memorysetup-bucket-allocator-granularity=16"
    "memorysetup-bucket-allocator-bucket-count=8"
    "memorysetup-bucket-allocator-block-size=33554432"
    "memorysetup-bucket-allocator-block-count=8"
    "memorysetup-main-allocator-block-size=16777216"
    "memorysetup-thread-allocator-block-size=16777216"
    "memorysetup-gfx-main-allocator-block-size=16777216"
    "memorysetup-gfx-thread-allocator-block-size=16777216"
    "memorysetup-cache-allocator-block-size=4194304"
    "memorysetup-typetree-allocator-block-size=2097152"
    "memorysetup-profiler-bucket-allocator-granularity=16"
    "memorysetup-profiler-bucket-allocator-bucket-count=8"
    "memorysetup-profiler-bucket-allocator-block-size=33554432"
    "memorysetup-profiler-bucket-allocator-block-count=8"
    "memorysetup-profiler-allocator-block-size=16777216"
    "memorysetup-profiler-editor-allocator-block-size=1048576"
    "memorysetup-temp-allocator-size-main=16777216"
    "memorysetup-job-temp-allocator-block-size=2097152"
    "memorysetup-job-temp-allocator-block-size-background=1048576"
    "memorysetup-job-temp-allocator-reduction-small-platforms=262144"
    "memorysetup-allocator-temp-initial-block-size-main=262144"
    "memorysetup-allocator-temp-initial-block-size-worker=262144"
    "memorysetup-temp-allocator-size-background-worker=32768"
    "memorysetup-temp-allocator-size-job-worker=262144"
    "memorysetup-temp-allocator-size-preload-manager=33554432"
    "memorysetup-temp-allocator-size-nav-mesh-worker=65536"
    "memorysetup-temp-allocator-size-audio-worker=65536"
    "memorysetup-temp-allocator-size-cloud-worker=32768"
    "memorysetup-temp-allocator-size-gi-baking-worker=262144"
    "memorysetup-temp-allocator-size-gfx=262144"
Player connection [24532] Host "[IP] 10.21.5.127 [Port] 0 [Flags] 2 [Guid] 3516447041 [EditorId] 3516447041 [Version] 1048832 [Id] WindowsEditor(7,DESKTOP-GDC8C2H) [Debug] 1 [PackageName] WindowsEditor [ProjectName] Editor" joined multi-casting on [225.0.0.222:54997]...

Player connection [24532] Host "[IP] 10.21.5.127 [Port] 0 [Flags] 2 [Guid] 3516447041 [EditorId] 3516447041 [Version] 1048832 [Id] WindowsEditor(7,DESKTOP-GDC8C2H) [Debug] 1 [PackageName] WindowsEditor [ProjectName] Editor" joined alternative multi-casting on [225.0.0.222:34997]...

[Physics::Module] Initialized MultithreadedJobDispatcher with 7 workers.
Refreshing native plugins compatible for Editor in 33.00 ms, found 3 plugins.
Preloading 0 native plugins for Editor in 0.00 ms.
Initialize engine version: 2022.3.20f1 (61c2feb0970d)
[Subsystems] Discovering subsystems at path D:/Program Files/Unity/Hub/Editor/2022.3.20f1/Editor/Data/Resources/UnitySubsystems
[Subsystems] Discovering subsystems at path C:/Users/baris karaahmetoglu/Desktop/unitydenemegit/gitdeneme/gitunity/Assets
GfxDevice: creating device client; threaded=0; jobified=0
Direct3D:
    Version:  Direct3D 11.0 [level 11.1]
    Renderer: NVIDIA GeForce GTX 1060 (ID=0x1c60)
    Vendor:   NVIDIA
    VRAM:     6043 MB
    Driver:   31.0.15.3598
Initialize mono
Mono path[0] = 'D:/Program Files/Unity/Hub/Editor/2022.3.20f1/Editor/Data/Managed'
Mono path[1] = 'D:/Program Files/Unity/Hub/Editor/2022.3.20f1/Editor/Data/MonoBleedingEdge/lib/mono/unityjit-win32'
Mono config path = 'D:/Program Files/Unity/Hub/Editor/2022.3.20f1/Editor/Data/MonoBleedingEdge/etc'
Using monoOptions --debugger-agent=transport=dt_socket,embedding=1,server=y,suspend=n,address=127.0.0.1:56456
Begin MonoManager ReloadAssembly
Registering precompiled unity dll's ...
Register platform support module: D:/Program Files/Unity/Hub/Editor/2022.3.20f1/Editor/Data/PlaybackEngines/WindowsStandaloneSupport/UnityEditor.WindowsStandalone.Extensions.dll
Register platform support module: D:/Program Files/Unity/Hub/Editor/2022.3.20f1/Editor/Data/PlaybackEngines/MetroSupport/UnityEditor.UWP.Extensions.dll
Registered in 0.010624 seconds.
- Loaded All Assemblies, in  0.593 seconds
Native extension for UWP target not found
Native extension for WindowsStandalone target not found
Mono: successfully reloaded assembly
- Finished resetting the current domain, in  0.409 seconds
Domain Reload Profiling: 1002ms
	BeginReloadAssembly (212ms)
		ExecutionOrderSort (0ms)
		DisableScriptedObjects (0ms)
		BackupInstance (0ms)
		ReleaseScriptingObjects (0ms)
		CreateAndSetChildDomain (1ms)
	RebuildCommonClasses (53ms)
	RebuildNativeTypeToScriptingClass (17ms)
	initialDomainReloadingComplete (81ms)
	LoadAllAssembliesAndSetupDomain (229ms)
		LoadAssemblies (215ms)
		RebuildTransferFunctionScriptingTraits (0ms)
		AnalyzeDomain (223ms)
			TypeCache.Refresh (221ms)
				TypeCache.ScanAssembly (199ms)
			ScanForSourceGeneratedMonoScriptInfo (1ms)
			ResolveRequiredComponents (1ms)
	FinalizeReload (409ms)
		ReleaseScriptCaches (0ms)
		RebuildScriptCaches (0ms)
		SetupLoadedEditorAssemblies (320ms)
			LogAssemblyErrors (0ms)
			InitializePlatformSupportModulesInManaged (14ms)
			SetLoadedEditorAssemblies (8ms)
			RefreshPlugins (0ms)
			BeforeProcessingInitializeOnLoad (4ms)
			ProcessInitializeOnLoadAttributes (226ms)
			ProcessInitializeOnLoadMethodAttributes (69ms)
			AfterProcessingInitializeOnLoad (0ms)
			EditorAssembliesLoaded (0ms)
		ExecutionOrderSort2 (0ms)
		AwakeInstancesAfterBackupRestoration (0ms)
========================================================================
Worker process is ready to serve import requests
Begin MonoManager ReloadAssembly
- Loaded All Assemblies, in  1.153 seconds
Refreshing native plugins compatible for Editor in 14.26 ms, found 3 plugins.
Native extension for UWP target not found
Native extension for WindowsStandalone target not found
Package Manager log level set to [2]
[Package Manager] Server::EnsureServerProcessIsRunning -- launch failed, reason: Unity was launched with the -noUpm command-line argument
[Package Manager] UpmClient::Send -- Unable to send message (not connected to UPM process).
[Package Manager] Cannot connect to Unity Package Manager local server
Mono: successfully reloaded assembly
- Finished resetting the current domain, in  0.913 seconds
Domain Reload Profiling: 2059ms
	BeginReloadAssembly (275ms)
		ExecutionOrderSort (0ms)
		DisableScriptedObjects (7ms)
		BackupInstance (0ms)
		ReleaseScriptingObjects (0ms)
		CreateAndSetChildDomain (28ms)
	RebuildCommonClasses (62ms)
	RebuildNativeTypeToScriptingClass (16ms)
	initialDomainReloadingComplete (65ms)
	LoadAllAssembliesAndSetupDomain (728ms)
		LoadAssemblies (631ms)
		RebuildTransferFunctionScriptingTraits (0ms)
		AnalyzeDomain (288ms)
			TypeCache.Refresh (258ms)
				TypeCache.ScanAssembly (237ms)
			ScanForSourceGeneratedMonoScriptInfo (22ms)
			ResolveRequiredComponents (6ms)
	FinalizeReload (913ms)
		ReleaseScriptCaches (0ms)
		RebuildScriptCaches (0ms)
		SetupLoadedEditorAssemblies (681ms)
			LogAssemblyErrors (0ms)
			InitializePlatformSupportModulesInManaged (8ms)
			SetLoadedEditorAssemblies (4ms)
			RefreshPlugins (0ms)
			BeforeProcessingInitializeOnLoad (106ms)
			ProcessInitializeOnLoadAttributes (527ms)
			ProcessInitializeOnLoadMethodAttributes (31ms)
			AfterProcessingInitializeOnLoad (5ms)
			EditorAssembliesLoaded (0ms)
		ExecutionOrderSort2 (0ms)
		AwakeInstancesAfterBackupRestoration (11ms)
Launched and connected shader compiler UnityShaderCompiler.exe after 0.06 seconds
Refreshing native plugins compatible for Editor in 15.20 ms, found 3 plugins.
Preloading 0 native plugins for Editor in 0.00 ms.
Unloading 3127 Unused Serialized files (Serialized files now loaded: 0)
Unloading 32 unused Assets / (57.4 KB). Loaded Objects now: 3593.
Memory consumption went from 127.5 MB to 127.4 MB.
Total: 3.605600 ms (FindLiveObjects: 0.349100 ms CreateObjectMapping: 0.283100 ms MarkObjects: 2.859600 ms  DeleteObjects: 0.112600 ms)

AssetImportParameters requested are different than current active one (requested -> active):
  custom:container-demuxer-ogg: 62fdf1f143b41e24485cea50d1cbac27 -> 
  custom:video-codec-MediaFoundation-h265: 746d11721c4dcdbdad8f713fa42b33f4 -> 
  custom:video-decoder-ogg-theora: a1e56fd34408186e4bbccfd4996cb3dc -> 
  custom:framework-win-MediaFoundation: 216162199b28c13a410421893ffa2e32 -> 
  custom:CustomObjectIndexerAttribute: 6d391050e5a25f67b0a2c618074f2cd9 -> 
  custom:container-demuxer-webm: 4f35f7cbe854078d1ac9338744f61a02 -> 
  custom:container-muxer-webm: aa71ff27fc2769a1b78a27578f13a17b -> 
  custom:video-decoder-webm-vp8: 9c59270c3fd7afecdb556c50c9e8de78 -> 
  custom:SearchIndexIgnoredProperties: e643bd26f0fe6173181afceb89e7c659 -> 
  custom:AudioImporter_EditorPlatform: d09bf68614088b80899f8185d706f6e7 -> 
  custom:video-encoder-webm-vp8: eb34c28f22e8b96e1ab97ce403110664 -> 
  custom:audio-decoder-ogg-vorbis: bf7c407c2cedff20999df2af8eb42d56 -> 
  custom:audio-encoder-webm-vorbis: bf7c407c2cedff20999df2af8eb42d56 -> 
========================================================================
Received Import Request.
  Time since last request: 18199.474409 seconds.
  path: Assets/Prefabs/GameObject.prefab
  artifactKey: Guid(1763efd40f52f6643b5befd28bdad218) Importer(815301076,1909f56bfc062723c751e8b465ee728b)
Start importing Assets/Prefabs/GameObject.prefab using Guid(1763efd40f52f6643b5befd28bdad218) Importer(815301076,1909f56bfc062723c751e8b465ee728b)  -> (artifact id: 'f0255c5cb12852b60858821ccb8d1d5c') in 0.233111 seconds
Number of updated asset objects reloaded before import = 0
Number of asset objects unloaded after import = 586
========================================================================
Received Import Request.
  Time since last request: 0.479721 seconds.
  path: Assets/Scenes/Level2.unity
  artifactKey: Guid(3fcebae7488367b4a8ac504a5713bc45) Importer(815301076,1909f56bfc062723c751e8b465ee728b)
Start importing Assets/Scenes/Level2.unity using Guid(3fcebae7488367b4a8ac504a5713bc45) Importer(815301076,1909f56bfc062723c751e8b465ee728b)  -> (artifact id: 'e5e982d4e7cc6f76b442e8b4fa302d06') in 0.001086 seconds
Number of updated asset objects reloaded before import = 0
Number of asset objects unloaded after import = 0
========================================================================
Received Import Request.
  Time since last request: 43.781715 seconds.
  path: Assets/Assette/Yaren/fdas.mat
  artifactKey: Guid(d84ce810536a6fd47b0b31d0df6cef84) Importer(815301076,1909f56bfc062723c751e8b465ee728b)
Start importing Assets/Assette/Yaren/fdas.mat using Guid(d84ce810536a6fd47b0b31d0df6cef84) Importer(815301076,1909f56bfc062723c751e8b465ee728b)  -> (artifact id: 'b6ec63e61ab92d076e2356bf35514dd7') in 0.074847 seconds
Number of updated asset objects reloaded before import = 0
Number of asset objects unloaded after import = 2
========================================================================
Received Import Request.
  Time since last request: 45.878260 seconds.
  path: Assets/Assette/Yaren/fdas.mat
  artifactKey: Guid(d84ce810536a6fd47b0b31d0df6cef84) Importer(815301076,1909f56bfc062723c751e8b465ee728b)
Start importing Assets/Assette/Yaren/fdas.mat using Guid(d84ce810536a6fd47b0b31d0df6cef84) Importer(815301076,1909f56bfc062723c751e8b465ee728b)  -> (artifact id: '1978d5feaed506679e1d13d5620817c5') in 0.020254 seconds
Number of updated asset objects reloaded before import = 0
Number of asset objects unloaded after import = 2
========================================================================
Received Import Request.
  Time since last request: 17.203542 seconds.
  path: Assets/Scenes/Level3.unity
  artifactKey: Guid(d57d9697a431df44cb8a8829933dc06f) Importer(815301076,1909f56bfc062723c751e8b465ee728b)
Start importing Assets/Scenes/Level3.unity using Guid(d57d9697a431df44cb8a8829933dc06f) Importer(815301076,1909f56bfc062723c751e8b465ee728b)  -> (artifact id: 'a29d06970f21bbca7cd10f453377f623') in 0.000976 seconds
Number of updated asset objects reloaded before import = 0
Number of asset objects unloaded after import = 0
========================================================================
Received Import Request.
  Time since last request: 42.941457 seconds.
  path: Assets/Assette/Yaren/2303.w064.n002.8B.p1.8.jpg
  artifactKey: Guid(e881a0300174dad4daca4fdc45bf795b) Importer(815301076,1909f56bfc062723c751e8b465ee728b)
Start importing Assets/Assette/Yaren/2303.w064.n002.8B.p1.8.jpg using Guid(e881a0300174dad4daca4fdc45bf795b) Importer(815301076,1909f56bfc062723c751e8b465ee728b)  -> (artifact id: '4b7572dd25a170da1b00ed23ddb400cf') in 0.032079 seconds
Number of updated asset objects reloaded before import = 0
Number of asset objects unloaded after import = 2
========================================================================
Received Import Request.
  Time since last request: 10.345354 seconds.
  path: Assets/Assette/Yaren/ads.mat
  artifactKey: Guid(c3bff1088175c264dbe0cff5b032ecf5) Importer(815301076,1909f56bfc062723c751e8b465ee728b)
Start importing Assets/Assette/Yaren/ads.mat using Guid(c3bff1088175c264dbe0cff5b032ecf5) Importer(815301076,1909f56bfc062723c751e8b465ee728b)  -> (artifact id: 'db100a4e3275963a218aee39e0c7d38e') in 0.020131 seconds
Number of updated asset objects reloaded before import = 0
Number of asset objects unloaded after import = 1
========================================================================
Received Import Request.
  Time since last request: 82.770825 seconds.
  path: Assets/Assette/Yaren/5539119.jpg
  artifactKey: Guid(8bec33d927eeac24988546f53c02bce7) Importer(815301076,1909f56bfc062723c751e8b465ee728b)
Start importing Assets/Assette/Yaren/5539119.jpg using Guid(8bec33d927eeac24988546f53c02bce7) Importer(815301076,1909f56bfc062723c751e8b465ee728b)  -> (artifact id: 'ccb82c7c94f181d9a9076db4b9516e32') in 0.021900 seconds
Number of updated asset objects reloaded before import = 0
Number of asset objects unloaded after import = 2
========================================================================
Received Import Request.
  Time since last request: 53.119423 seconds.
  path: Assets/Scenes/Level4.unity
  artifactKey: Guid(92f62c223e9d158489aa5407d0ed23e6) Importer(815301076,1909f56bfc062723c751e8b465ee728b)
Start importing Assets/Scenes/Level4.unity using Guid(92f62c223e9d158489aa5407d0ed23e6) Importer(815301076,1909f56bfc062723c751e8b465ee728b)  -> (artifact id: 'd1cf255349b6ec0f2633e029b122d135') in 0.001154 seconds
Number of updated asset objects reloaded before import = 0
Number of asset objects unloaded after import = 0
========================================================================
Received Import Request.
  Time since last request: 21.872593 seconds.
  path: Assets/Assette/Yaren/ads.mat
  artifactKey: Guid(c3bff1088175c264dbe0cff5b032ecf5) Importer(815301076,1909f56bfc062723c751e8b465ee728b)
Start importing Assets/Assette/Yaren/ads.mat using Guid(c3bff1088175c264dbe0cff5b032ecf5) Importer(815301076,1909f56bfc062723c751e8b465ee728b)  -> (artifact id: '7bcabdc4632dbbe90236e059a5c0aef5') in 0.026121 seconds
Number of updated asset objects reloaded before import = 0
Number of asset objects unloaded after import = 2
========================================================================
Received Import Request.
  Time since last request: 4.969316 seconds.
  path: Assets/Assette/Yaren/asfd.mat
  artifactKey: Guid(f512cc0b3ab9c7a4b841355dc518d686) Importer(815301076,1909f56bfc062723c751e8b465ee728b)
Start importing Assets/Assette/Yaren/asfd.mat using Guid(f512cc0b3ab9c7a4b841355dc518d686) Importer(815301076,1909f56bfc062723c751e8b465ee728b)  -> (artifact id: '60e043472b762145c1635fc41c46add3') in 0.037338 seconds
Number of updated asset objects reloaded before import = 0
Number of asset objects unloaded after import = 1
========================================================================
Received Import Request.
  Time since last request: 47.625799 seconds.
  path: Assets/Scenes/Level5.unity
  artifactKey: Guid(bee43e3b00b6ae3408727d421c86a1cc) Importer(815301076,1909f56bfc062723c751e8b465ee728b)
Start importing Assets/Scenes/Level5.unity using Guid(bee43e3b00b6ae3408727d421c86a1cc) Importer(815301076,1909f56bfc062723c751e8b465ee728b)  -> (artifact id: '14cd87287176e3e86aa7d2bf7f81c6ae') in 0.000909 seconds
Number of updated asset objects reloaded before import = 0
Number of asset objects unloaded after import = 0
========================================================================
Received Import Request.
  Time since last request: 35.238480 seconds.
  path: Assets/Assette/Yaren/asfd.mat
  artifactKey: Guid(f512cc0b3ab9c7a4b841355dc518d686) Importer(815301076,1909f56bfc062723c751e8b465ee728b)
Start importing Assets/Assette/Yaren/asfd.mat using Guid(f512cc0b3ab9c7a4b841355dc518d686) Importer(815301076,1909f56bfc062723c751e8b465ee728b)  -> (artifact id: '2de70e30034b309b7697023fed32a0e8') in 0.025708 seconds
Number of updated asset objects reloaded before import = 0
Number of asset objects unloaded after import = 2
========================================================================
Received Import Request.
  Time since last request: 4.960183 seconds.
  path: Assets/Assette/Yaren/7756635.jpg
  artifactKey: Guid(82732bfbd59e1194c837166859d206ea) Importer(815301076,1909f56bfc062723c751e8b465ee728b)
Start importing Assets/Assette/Yaren/7756635.jpg using Guid(82732bfbd59e1194c837166859d206ea) Importer(815301076,1909f56bfc062723c751e8b465ee728b)  -> (artifact id: 'c164596387324af3688159d367564786') in 0.020167 seconds
Number of updated asset objects reloaded before import = 0
Number of asset objects unloaded after import = 2
========================================================================
Received Import Request.
  Time since last request: 9.006139 seconds.
  path: Assets/Assette/Yaren/SD.mat
  artifactKey: Guid(24d3ceed9843cd44c816e47c85093a7a) Importer(815301076,1909f56bfc062723c751e8b465ee728b)
Start importing Assets/Assette/Yaren/SD.mat using Guid(24d3ceed9843cd44c816e47c85093a7a) Importer(815301076,1909f56bfc062723c751e8b465ee728b)  -> (artifact id: '9558ecb27f47cc6136d54f1770ce67a4') in 0.017483 seconds
Number of updated asset objects reloaded before import = 0
Number of asset objects unloaded after import = 1
========================================================================
Received Import Request.
  Time since last request: 35.201456 seconds.
  path: Assets/Assette/Yaren/SD.mat
  artifactKey: Guid(24d3ceed9843cd44c816e47c85093a7a) Importer(815301076,1909f56bfc062723c751e8b465ee728b)
Start importing Assets/Assette/Yaren/SD.mat using Guid(24d3ceed9843cd44c816e47c85093a7a) Importer(815301076,1909f56bfc062723c751e8b465ee728b)  -> (artifact id: '562b986cb5148bc08c427a47d9e81063') in 0.022092 seconds
Number of updated asset objects reloaded before import = 0
Number of asset objects unloaded after import = 2
========================================================================
Received Import Request.
  Time since last request: 35.285389 seconds.
  path: Assets/Scenes/Level6.unity
  artifactKey: Guid(f8e47714d27b98d4f8fa9aec5688c59b) Importer(815301076,1909f56bfc062723c751e8b465ee728b)
Start importing Assets/Scenes/Level6.unity using Guid(f8e47714d27b98d4f8fa9aec5688c59b) Importer(815301076,1909f56bfc062723c751e8b465ee728b)  -> (artifact id: 'ec378c7e098e11a9264a14ae7612eb9c') in 0.001203 seconds
Number of updated asset objects reloaded before import = 0
Number of asset objects unloaded after import = 0
========================================================================
Received Import Request.
  Time since last request: 16.250522 seconds.
  path: Assets/Assette/Yaren/NewBehaviourScript.cs
  artifactKey: Guid(4efd1d7fa1fbbea49af793ada8dcb2c5) Importer(815301076,1909f56bfc062723c751e8b465ee728b)
Start importing Assets/Assette/Yaren/NewBehaviourScript.cs using Guid(4efd1d7fa1fbbea49af793ada8dcb2c5) Importer(815301076,1909f56bfc062723c751e8b465ee728b)  -> (artifact id: '8cf130709176ab5f1314f6114aa7d130') in 0.001021 seconds
Number of updated asset objects reloaded before import = 0
Number of asset objects unloaded after import = 0
========================================================================
Received Prepare
Begin MonoManager ReloadAssembly
- Loaded All Assemblies, in  0.815 seconds
Refreshing native plugins compatible for Editor in 14.12 ms, found 3 plugins.
Native extension for UWP target not found
Native extension for WindowsStandalone target not found
[Package Manager] Server::EnsureServerProcessIsRunning -- launch failed, reason: Unity was launched with the -noUpm command-line argument
[Package Manager] UpmClient::Send -- Unable to send message (not connected to UPM process).
[Package Manager] Cannot connect to Unity Package Manager local server
Mono: successfully reloaded assembly
- Finished resetting the current domain, in  2.053 seconds
Domain Reload Profiling: 2862ms
	BeginReloadAssembly (279ms)
		ExecutionOrderSort (0ms)
		DisableScriptedObjects (8ms)
		BackupInstance (0ms)
		ReleaseScriptingObjects (0ms)
		CreateAndSetChildDomain (41ms)
	RebuildCommonClasses (58ms)
	RebuildNativeTypeToScriptingClass (17ms)
	initialDomainReloadingComplete (41ms)
	LoadAllAssembliesAndSetupDomain (413ms)
		LoadAssemblies (573ms)
		RebuildTransferFunctionScriptingTraits (0ms)
		AnalyzeDomain (28ms)
			TypeCache.Refresh (13ms)
				TypeCache.ScanAssembly (0ms)
			ScanForSourceGeneratedMonoScriptInfo (8ms)
			ResolveRequiredComponents (6ms)
	FinalizeReload (2054ms)
		ReleaseScriptCaches (0ms)
		RebuildScriptCaches (0ms)
		SetupLoadedEditorAssemblies (566ms)
			LogAssemblyErrors (0ms)
			InitializePlatformSupportModulesInManaged (9ms)
			SetLoadedEditorAssemblies (4ms)
			RefreshPlugins (0ms)
			BeforeProcessingInitializeOnLoad (111ms)
			ProcessInitializeOnLoadAttributes (409ms)
			ProcessInitializeOnLoadMethodAttributes (30ms)
			AfterProcessingInitializeOnLoad (3ms)
			EditorAssembliesLoaded (0ms)
		ExecutionOrderSort2 (0ms)
		AwakeInstancesAfterBackupRestoration (8ms)
Script is not up to date after domain reload: guid(941ef41f3757ddd43a780e9b30914319) path("Assets/finishmusic.cs") state(2)
Refreshing native plugins compatible for Editor in 12.99 ms, found 3 plugins.
Preloading 0 native plugins for Editor in 0.00 ms.
Unloading 3106 Unused Serialized files (Serialized files now loaded: 0)
Unloading 28 unused Assets / (33.8 KB). Loaded Objects now: 3642.
Memory consumption went from 129.8 MB to 129.8 MB.
Total: 3.221100 ms (FindLiveObjects: 0.299800 ms CreateObjectMapping: 0.270000 ms MarkObjects: 2.504600 ms  DeleteObjects: 0.145700 ms)

Prepare: number of updated asset objects reloaded= 0
AssetImportParameters requested are different than current active one (requested -> active):
  custom:container-demuxer-ogg: 62fdf1f143b41e24485cea50d1cbac27 -> 
  custom:video-codec-MediaFoundation-h265: 746d11721c4dcdbdad8f713fa42b33f4 -> 
  custom:video-decoder-ogg-theora: a1e56fd34408186e4bbccfd4996cb3dc -> 
  custom:framework-win-MediaFoundation: 216162199b28c13a410421893ffa2e32 -> 
  custom:CustomObjectIndexerAttribute: 6d391050e5a25f67b0a2c618074f2cd9 -> 
  custom:container-demuxer-webm: 4f35f7cbe854078d1ac9338744f61a02 -> 
  custom:container-muxer-webm: aa71ff27fc2769a1b78a27578f13a17b -> 
  custom:video-decoder-webm-vp8: 9c59270c3fd7afecdb556c50c9e8de78 -> 
  custom:SearchIndexIgnoredProperties: e643bd26f0fe6173181afceb89e7c659 -> 
  custom:AudioImporter_EditorPlatform: d09bf68614088b80899f8185d706f6e7 -> 
  custom:video-encoder-webm-vp8: eb34c28f22e8b96e1ab97ce403110664 -> 
  custom:audio-decoder-ogg-vorbis: bf7c407c2cedff20999df2af8eb42d56 -> 
  custom:audio-encoder-webm-vorbis: bf7c407c2cedff20999df2af8eb42d56 -> 
========================================================================
Received Prepare
Begin MonoManager ReloadAssembly
- Loaded All Assemblies, in  0.726 seconds
Refreshing native plugins compatible for Editor in 15.04 ms, found 3 plugins.
Native extension for UWP target not found
Native extension for WindowsStandalone target not found
[Package Manager] Server::EnsureServerProcessIsRunning -- launch failed, reason: Unity was launched with the -noUpm command-line argument
[Package Manager] UpmClient::Send -- Unable to send message (not connected to UPM process).
[Package Manager] Cannot connect to Unity Package Manager local server
Mono: successfully reloaded assembly
- Finished resetting the current domain, in  1.824 seconds
Domain Reload Profiling: 2544ms
	BeginReloadAssembly (253ms)
		ExecutionOrderSort (0ms)
		DisableScriptedObjects (6ms)
		BackupInstance (0ms)
		ReleaseScriptingObjects (0ms)
		CreateAndSetChildDomain (38ms)
	RebuildCommonClasses (47ms)
	RebuildNativeTypeToScriptingClass (14ms)
	initialDomainReloadingComplete (35ms)
	LoadAllAssembliesAndSetupDomain (371ms)
		LoadAssemblies (523ms)
		RebuildTransferFunctionScriptingTraits (0ms)
		AnalyzeDomain (16ms)
			TypeCache.Refresh (8ms)
				TypeCache.ScanAssembly (0ms)
			ScanForSourceGeneratedMonoScriptInfo (0ms)
			ResolveRequiredComponents (6ms)
	FinalizeReload (1825ms)
		ReleaseScriptCaches (0ms)
		RebuildScriptCaches (0ms)
		SetupLoadedEditorAssemblies (507ms)
			LogAssemblyErrors (0ms)
			InitializePlatformSupportModulesInManaged (7ms)
			SetLoadedEditorAssemblies (4ms)
			RefreshPlugins (0ms)
			BeforeProcessingInitializeOnLoad (97ms)
			ProcessInitializeOnLoadAttributes (368ms)
			ProcessInitializeOnLoadMethodAttributes (28ms)
			AfterProcessingInitializeOnLoad (3ms)
			EditorAssembliesLoaded (0ms)
		ExecutionOrderSort2 (0ms)
		AwakeInstancesAfterBackupRestoration (8ms)
Refreshing native plugins compatible for Editor in 15.09 ms, found 3 plugins.
Preloading 0 native plugins for Editor in 0.00 ms.
Unloading 3107 Unused Serialized files (Serialized files now loaded: 0)
Unloading 22 unused Assets / (30.3 KB). Loaded Objects now: 3646.
Memory consumption went from 131.8 MB to 131.7 MB.
Total: 3.078900 ms (FindLiveObjects: 0.292500 ms CreateObjectMapping: 0.270900 ms MarkObjects: 2.453300 ms  DeleteObjects: 0.061000 ms)

Prepare: number of updated asset objects reloaded= 0
AssetImportParameters requested are different than current active one (requested -> active):
  custom:container-demuxer-ogg: 62fdf1f143b41e24485cea50d1cbac27 -> 
  custom:video-codec-MediaFoundation-h265: 746d11721c4dcdbdad8f713fa42b33f4 -> 
  custom:video-decoder-ogg-theora: a1e56fd34408186e4bbccfd4996cb3dc -> 
  custom:framework-win-MediaFoundation: 216162199b28c13a410421893ffa2e32 -> 
  custom:CustomObjectIndexerAttribute: 6d391050e5a25f67b0a2c618074f2cd9 -> 
  custom:container-demuxer-webm: 4f35f7cbe854078d1ac9338744f61a02 -> 
  custom:container-muxer-webm: aa71ff27fc2769a1b78a27578f13a17b -> 
  custom:video-decoder-webm-vp8: 9c59270c3fd7afecdb556c50c9e8de78 -> 
  custom:SearchIndexIgnoredProperties: e643bd26f0fe6173181afceb89e7c659 -> 
  custom:AudioImporter_EditorPlatform: d09bf68614088b80899f8185d706f6e7 -> 
  custom:video-encoder-webm-vp8: eb34c28f22e8b96e1ab97ce403110664 -> 
  custom:audio-decoder-ogg-vorbis: bf7c407c2cedff20999df2af8eb42d56 -> 
  custom:audio-encoder-webm-vorbis: bf7c407c2cedff20999df2af8eb42d56 -> 
========================================================================
Received Import Request.
  Time since last request: 14.306160 seconds.
  path: Assets/Assette/Yaren/NewBehaviourScript.cs
  artifactKey: Guid(4efd1d7fa1fbbea49af793ada8dcb2c5) Importer(815301076,1909f56bfc062723c751e8b465ee728b)
Start importing Assets/Assette/Yaren/NewBehaviourScript.cs using Guid(4efd1d7fa1fbbea49af793ada8dcb2c5) Importer(815301076,1909f56bfc062723c751e8b465ee728b)  -> (artifact id: '00000000000000000000000000000000') in 6.340705 seconds
Import Error Code:(4)
Message: Build asset version error: assets/assette/yaren/newbehaviourscript.cs in SourceAssetDB has modification time of '2024-04-19T17:08:43.7107848Z' while content on disk has modification time of '0001-01-01T00:00:00Z' with error code 2
Stacktrace:
0x00007ff7e25f5cfd (Unity) StackWalker::GetCurrentCallstack
0x00007ff7e25fadc9 (Unity) StackWalker::ShowCallstack
0x00007ff7e35d3ad1 (Unity) GetStacktrace
0x00007ff7e39690a3 (Unity) GetAssetHashAndValidate
0x00007ff7e3963cac (Unity) AssetVersionBuilder::BuildHashOfSourceAssetArray
0x00007ff7e3961b32 (Unity) AssetVersionBuilder::BuildAssetVersion
0x00007ff7e38e5d0c (Unity) CreateAssetVersionBuilder
0x00007ff7e38ecab6 (Unity) ImportToObjects
0x00007ff7e38eb91c (Unity) ImportAsset
0x00007ff7e39107d8 (Unity) AssetImportWorker::Import
0x00007ff7e3977bd2 (Unity) <lambda_183697078dc22ecb201e4599e9982eaf>::operator()
0x00007ff7e39b43d2 (Unity) asio::detail::completion_handler<core::mutable_function<void __cdecl(void)>,asio::io_context::basic_executor_type<std::allocator<void>,0> >::do_complete
0x00007ff7e39a037e (Unity) asio::detail::win_iocp_io_context::do_one
0x00007ff7e39a1fe4 (Unity) asio::detail::win_iocp_io_context::run
0x00007ff7e39b277c (Unity) IOService::Run
0x00007ff7e39862df (Unity) AssetImportWorkerClient::Run
0x00007ff7e3951217 (Unity) RunAssetImportWorkerClientV2
0x00007ff7e395129b (Unity) RunAssetImporterV2
0x00007ff7e3152591 (Unity) Application::InitializeProject
0x00007ff7e35de2b5 (Unity) WinMain
0x00007ff7e49be0ae (Unity) __scrt_common_main_seh
0x00007ffa7335257d (KERNEL32) BaseThreadInitThunk
0x00007ffa73b4aa48 (ntdll) RtlUserThreadStart

  ERROR: Build asset version error: assets/assette/yaren/newbehaviourscript.cs in SourceAssetDB has modification time of '2024-04-19T17:08:43.7107848Z' while content on disk has modification time of '0001-01-01T00:00:00Z' with error code 2
Stacktrace:
0x00007ff7e25f5cfd (Unity) StackWalker::GetCurrentCallstack
0x00007ff7e25fadc9 (Unity) StackWalker::ShowCallstack
0x00007ff7e35d3ad1 (Unity) GetStacktrace
0x00007ff7e39690a3 (Unity) GetAssetHashAndValidate
0x00007ff7e3963cac (Unity) AssetVersionBuilder::BuildHashOfSourceAssetArray
0x00007ff7e3961b32 (Unity) AssetVersionBuilder::BuildAssetVersion
0x00007ff7e38e5d0c (Unity) CreateAssetVersionBuilder
0x00007ff7e38ecab6 (Unity) ImportToObjects
0x00007ff7e38eb91c (Unity) ImportAsset
0x00007ff7e39107d8 (Unity) AssetImportWorker::Import
0x00007ff7e3977bd2 (Unity) <lambda_183697078dc22ecb201e4599e9982eaf>::operator()
0x00007ff7e39b43d2 (Unity) asio::detail::completion_handler<core::mutable_function<void __cdecl(void)>,asio::io_context::basic_executor_type<std::allocator<void>,0> >::do_complete
0x00007ff7e39a037e (Unity) asio::detail::win_iocp_io_context::do_one
0x00007ff7e39a1fe4 (Unity) asio::detail::win_iocp_io_context::run
0x00007ff7e39b277c (Unity) IOService::Run
0x00007ff7e39862df (Unity) AssetImportWorkerClient::Run
0x00007ff7e3951217 (Unity) RunAssetImportWorkerClientV2
0x00007ff7e395129b (Unity) RunAssetImporterV2
0x00007ff7e3152591 (Unity) Application::InitializeProject
0x00007ff7e35de2b5 (Unity) WinMain
0x00007ff7e49be0ae (Unity) __scrt_common_main_seh
0x00007ffa7335257d (KERNEL32) BaseThreadInitThunk
0x00007ffa73b4aa48 (ntdll) RtlUserThreadStart

Number of updated asset objects reloaded before import = 0
Number of asset objects unloaded after import = 0
========================================================================
Received Prepare
Begin MonoManager ReloadAssembly
- Loaded All Assemblies, in  0.789 seconds
Refreshing native plugins compatible for Editor in 14.86 ms, found 3 plugins.
Native extension for UWP target not found
Native extension for WindowsStandalone target not found
[Package Manager] Server::EnsureServerProcessIsRunning -- launch failed, reason: Unity was launched with the -noUpm command-line argument
[Package Manager] UpmClient::Send -- Unable to send message (not connected to UPM process).
[Package Manager] Cannot connect to Unity Package Manager local server
Mono: successfully reloaded assembly
- Finished resetting the current domain, in  2.211 seconds
Domain Reload Profiling: 2993ms
	BeginReloadAssembly (248ms)
		ExecutionOrderSort (0ms)
		DisableScriptedObjects (10ms)
		BackupInstance (0ms)
		ReleaseScriptingObjects (0ms)
		CreateAndSetChildDomain (43ms)
	RebuildCommonClasses (52ms)
	RebuildNativeTypeToScriptingClass (20ms)
	initialDomainReloadingComplete (45ms)
	LoadAllAssembliesAndSetupDomain (417ms)
		LoadAssemblies (537ms)
		RebuildTransferFunctionScriptingTraits (0ms)
		AnalyzeDomain (31ms)
			TypeCache.Refresh (14ms)
				TypeCache.ScanAssembly (0ms)
			ScanForSourceGeneratedMonoScriptInfo (9ms)
			ResolveRequiredComponents (7ms)
	FinalizeReload (2212ms)
		ReleaseScriptCaches (0ms)
		RebuildScriptCaches (0ms)
		SetupLoadedEditorAssemblies (547ms)
			LogAssemblyErrors (0ms)
			InitializePlatformSupportModulesInManaged (7ms)
			SetLoadedEditorAssemblies (3ms)
			RefreshPlugins (0ms)
			BeforeProcessingInitializeOnLoad (82ms)
			ProcessInitializeOnLoadAttributes (419ms)
			ProcessInitializeOnLoadMethodAttributes (30ms)
			AfterProcessingInitializeOnLoad (5ms)
			EditorAssembliesLoaded (0ms)
		ExecutionOrderSort2 (0ms)
		AwakeInstancesAfterBackupRestoration (10ms)
Refreshing native plugins compatible for Editor in 13.30 ms, found 3 plugins.
Preloading 0 native plugins for Editor in 0.00 ms.
Unloading 3106 Unused Serialized files (Serialized files now loaded: 0)
Unloading 22 unused Assets / (30.3 KB). Loaded Objects now: 3648.
Memory consumption went from 133.7 MB to 133.7 MB.
Total: 3.231600 ms (FindLiveObjects: 0.280300 ms CreateObjectMapping: 0.218600 ms MarkObjects: 2.678300 ms  DeleteObjects: 0.053300 ms)

Prepare: number of updated asset objects reloaded= 0
AssetImportParameters requested are different than current active one (requested -> active):
  custom:container-demuxer-ogg: 62fdf1f143b41e24485cea50d1cbac27 -> 
  custom:video-codec-MediaFoundation-h265: 746d11721c4dcdbdad8f713fa42b33f4 -> 
  custom:video-decoder-ogg-theora: a1e56fd34408186e4bbccfd4996cb3dc -> 
  custom:framework-win-MediaFoundation: 216162199b28c13a410421893ffa2e32 -> 
  custom:CustomObjectIndexerAttribute: 6d391050e5a25f67b0a2c618074f2cd9 -> 
  custom:container-demuxer-webm: 4f35f7cbe854078d1ac9338744f61a02 -> 
  custom:container-muxer-webm: aa71ff27fc2769a1b78a27578f13a17b -> 
  custom:video-decoder-webm-vp8: 9c59270c3fd7afecdb556c50c9e8de78 -> 
  custom:SearchIndexIgnoredProperties: e643bd26f0fe6173181afceb89e7c659 -> 
  custom:AudioImporter_EditorPlatform: d09bf68614088b80899f8185d706f6e7 -> 
  custom:video-encoder-webm-vp8: eb34c28f22e8b96e1ab97ce403110664 -> 
  custom:audio-decoder-ogg-vorbis: bf7c407c2cedff20999df2af8eb42d56 -> 
  custom:audio-encoder-webm-vorbis: bf7c407c2cedff20999df2af8eb42d56 -> 
========================================================================
Received Import Request.
  Time since last request: 17.256443 seconds.
  path: Assets/Assette/Yaren/GSHR.mat
  artifactKey: Guid(27c4c3d27187a984ba2265d19b702548) Importer(815301076,1909f56bfc062723c751e8b465ee728b)
Start importing Assets/Assette/Yaren/GSHR.mat using Guid(27c4c3d27187a984ba2265d19b702548) Importer(815301076,1909f56bfc062723c751e8b465ee728b)  -> (artifact id: 'b74d5aaafb09f4ffe9c4e6c67d27e383') in 0.570743 seconds
Number of updated asset objects reloaded before import = 0
Number of asset objects unloaded after import = 1
========================================================================
Received Import Request.
  Time since last request: 34.305759 seconds.
  path: Assets/Assette/Yaren/fdas.mat
  artifactKey: Guid(d84ce810536a6fd47b0b31d0df6cef84) Importer(815301076,1909f56bfc062723c751e8b465ee728b)
Start importing Assets/Assette/Yaren/fdas.mat using Guid(d84ce810536a6fd47b0b31d0df6cef84) Importer(815301076,1909f56bfc062723c751e8b465ee728b)  -> (artifact id: '29db62494df96a75f217aafb32e2f2b0') in 0.082687 seconds
Number of updated asset objects reloaded before import = 0
Number of asset objects unloaded after import = 2
========================================================================
Received Import Request.
  Time since last request: 47.707290 seconds.
  path: Assets/Assette/Yaren/GSHR.mat
  artifactKey: Guid(27c4c3d27187a984ba2265d19b702548) Importer(815301076,1909f56bfc062723c751e8b465ee728b)
Start importing Assets/Assette/Yaren/GSHR.mat using Guid(27c4c3d27187a984ba2265d19b702548) Importer(815301076,1909f56bfc062723c751e8b465ee728b)  -> (artifact id: '6edf6c15d4d0d0482553a81ee60c326c') in 0.025131 seconds
Number of updated asset objects reloaded before import = 0
Number of asset objects unloaded after import = 2
========================================================================
Received Import Request.
  Time since last request: 45.777624 seconds.
  path: Assets/Scenes/Level1.unity
  artifactKey: Guid(9fc0d4010bbf28b4594072e72b8655ab) Importer(815301076,1909f56bfc062723c751e8b465ee728b)
Start importing Assets/Scenes/Level1.unity using Guid(9fc0d4010bbf28b4594072e72b8655ab) Importer(815301076,1909f56bfc062723c751e8b465ee728b)  -> (artifact id: '12a901d43ab9fcfe5e4f43ed3b4a28d5') in 0.001039 seconds
Number of updated asset objects reloaded before import = 0
Number of asset objects unloaded after import = 0
